\BOOKMARK [1][-]{section.1}{\376\377\000U\000v\000o\000d}{}% 1
\BOOKMARK [1][-]{section.2}{\376\377\000K\000o\000n\000t\000i\000n\000u\000i\000r\000a\000n\000a\000\040\000i\000n\000t\000e\000g\000r\000a\000c\000i\000j\000a}{}% 2
\BOOKMARK [2][-]{subsection.2.1}{\376\377\000D\000e\000f\000i\000n\000i\000c\000i\000j\000a\000\040\000k\000o\000n\000t\000i\000n\000u\000i\000r\000a\000n\000e\000\040\000i\000n\000t\000e\000g\000r\000a\000c\000i\000j\000e}{section.2}% 3
\BOOKMARK [2][-]{subsection.2.2}{\376\377\000I\000z\000a\000z\000o\000v\000i\000\040\000i\000m\000p\000l\000e\000m\000e\000n\000t\000a\000c\000i\000j\000e\000\040\000k\000o\000n\000t\000i\000n\000u\000i\000r\000a\000n\000e\000\040\000i\000n\000t\000e\000g\000r\000a\000c\000i\000j\000e}{section.2}% 4
\BOOKMARK [2][-]{subsection.2.3}{\376\377\000P\000r\000o\000c\000e\000s\000\040\000k\000o\000n\000t\000i\000n\000u\000i\000r\000a\000n\000e\000\040\000i\000n\000t\000e\000g\000r\000a\000c\000i\000j\000e}{section.2}% 5
\BOOKMARK [1][-]{section.3}{\376\377\000P\000l\000a\000t\000f\000o\000r\000m\000e\000\040\000z\000a\000\040\000p\000r\000o\000v\000e\000d\000b\000u\000\040\000k\000o\000n\000t\000i\000n\000u\000i\000r\000a\000n\000e\000\040\000i\000n\000t\000e\000g\000r\000a\000c\000i\000j\000e}{}% 6
\BOOKMARK [2][-]{subsection.3.1}{\376\377\000P\000r\000e\000g\000l\000e\000d\000\040\000p\000o\000p\000u\000l\000a\000r\000n\000i\000h\000\040\000p\000l\000a\000t\000f\000o\000r\000m\000i}{section.3}% 7
\BOOKMARK [2][-]{subsection.3.2}{\376\377\000K\000a\000r\000a\000k\000t\000e\000r\000i\000s\000t\000i\000k\000e\000\040\000i\000\040\000f\000u\000n\000k\000c\000i\000o\000n\000a\000l\000n\000o\000s\000t\000i\000\040\000p\000l\000a\000t\000f\000o\000r\000m\000i}{section.3}% 8
\BOOKMARK [2][-]{subsection.3.3}{\376\377\000O\000d\000a\000b\000i\000r\000\040\000n\000a\000j\000p\000r\000i\000k\000l\000a\000d\000n\000i\000j\000e\000\040\000p\000l\000a\000t\000f\000o\000r\000m\000e\000\040\000z\000a\000\040\000i\000m\000p\000l\000e\000m\000e\000n\000t\000a\000c\000i\000j\000u}{section.3}% 9
\BOOKMARK [1][-]{section.4}{\376\377\000G\000i\000t\000l\000a\000b\000\040\000p\000i\000p\000e\000l\000i\000n\000e\000\040\000k\000o\000n\000c\000e\000p\000t\000i\000\040\000i\000\040\000p\000r\000i\000m\000j\000e\000n\000a}{}% 10
\BOOKMARK [2][-]{subsection.4.1}{\376\377\000F\000a\000z\000e\000\040\000i\000\040\000z\000a\000d\000a\000t\000c\000i\000\040\000u\000\040\000g\000i\000t\000l\000a\000b\000\040\000p\000i\000p\000e\000l\000i\000n\000e\000u}{section.4}% 11
\BOOKMARK [2][-]{subsection.4.2}{\376\377\000D\000e\000f\000i\000n\000i\000r\000a\000n\000j\000e\000\040\000g\000i\000t\000l\000a\000b\000\040\000C\000I\000/\000C\000D\000\040\000k\000o\000n\000f\000i\000g\000u\000r\000a\000c\000i\000j\000e}{section.4}% 12
\BOOKMARK [2][-]{subsection.4.3}{\376\377\000D\000o\000c\000k\000e\000r\000\040\000i\000\040\000p\000o\000v\000e\000z\000i\000v\000a\000n\000j\000e\000\040\000s\000\040\000d\000o\000c\000k\000e\000r\000o\000m\000\040\000z\000a\000\040\000k\000o\000n\000t\000e\000j\000n\000e\000r\000i\000z\000a\000c\000i\000j\000u\000\040\000a\000p\000l\000i\000k\000a\000c\000i\000j\000e}{section.4}% 13
\BOOKMARK [2][-]{subsection.4.4}{\376\377\000I\000z\000g\000r\000a\000d\000n\000j\000a\000,\000\040\000t\000e\000s\000t\000i\000r\000a\000n\000j\000e\000,\000\040\000i\000\040\000i\000m\000p\000l\000e\000m\000e\000n\000t\000a\000c\000i\000j\000a\000\040\000a\000p\000l\000i\000k\000a\000c\000i\000j\000e\000\040\000k\000o\000r\000i\000s\000t\000e\000c\003\001\000i\000\040\000g\000i\000t\000l\000a\000b\000\040\000p\000i\000p\000e\000l\000i\000n\000e}{section.4}% 14
\BOOKMARK [1][-]{section.5}{\376\377\000I\000m\000p\000l\000e\000m\000e\000n\000t\000a\000c\000i\000j\000a\000\040\000w\000e\000b\000\040\000a\000p\000l\000i\000k\000a\000c\000i\000j\000e\000\040\000i\000\040\000k\000o\000n\000t\000i\000n\000u\000i\000r\000a\000n\000e\000\040\000i\000n\000t\000e\000g\000r\000a\000c\000i\000j\000e\000\040\000p\000o\000m\000o\001\007\000u\000\040\000g\000i\000t\000l\000a\000b\000\040\000p\000i\000p\000e\000l\000i\000n\000e\000a\000\040\000u\000\040\000r\000a\000z\000v\000o\000j\000u\000\040\000a\000p\000l\000i\000k\000a\000c\000i\000j\000e}{}% 15
\BOOKMARK [2][-]{subsection.5.1}{\376\377\000O\000d\000a\000b\000i\000r\000\040\000j\000e\000z\000i\000k\000a\000\040\000i\000\040\000f\000r\000a\000m\000e\000w\000o\000r\000k\000a\000\040\000z\000a\000\040\000b\000a\000c\000k\000e\000n\000d\000\040\000a\000p\000l\000i\000k\000a\000c\000i\000j\000u}{section.5}% 16
\BOOKMARK [2][-]{subsection.5.2}{\376\377\000P\000r\000e\000g\000l\000e\000d\000\040\000i\000\040\000o\000p\000i\000s\000\040\000j\000a\000v\000e\000\040\000i\000\040\000s\000p\000r\000i\000n\000g\000\040\000b\000o\000o\000t\000\040\000f\000r\000a\000m\000e\000w\000o\000r\000k\000a}{section.5}% 17
\BOOKMARK [2][-]{subsection.5.3}{\376\377\000A\000r\000h\000i\000t\000e\000k\000t\000u\000r\000a\000\040\000w\000e\000b\000\040\000a\000p\000l\000i\000k\000a\000c\000i\000j\000e}{section.5}% 18
\BOOKMARK [2][-]{subsection.5.4}{\376\377\000I\000m\000p\000l\000e\000m\000e\000n\000t\000a\000c\000i\000j\000a\000\040\000f\000u\000n\000k\000c\000i\000o\000n\000a\000l\000n\000o\000s\000t\000i\000\040\000b\000a\000c\000k\000e\000n\000d\000\040\000a\000p\000l\000i\000k\000a\000c\000i\000j\000e}{section.5}% 19
\BOOKMARK [2][-]{subsection.5.5}{\376\377\000P\000o\000s\000t\000a\000v\000l\000j\000a\000n\000j\000e\000\040\000g\000i\000t\000l\000a\000b\000\040\000r\000e\000p\000o\000z\000i\000t\000o\000r\000i\000j\000a\000\040\000z\000a\000\040\000a\000p\000l\000i\000k\000a\000c\000i\000j\000u}{section.5}% 20
\BOOKMARK [2][-]{subsection.5.6}{\376\377\000D\000e\000f\000i\000n\000i\000r\000a\000n\000j\000e\000\040\000g\000i\000t\000l\000a\000b\000\040\000c\000i\000/\000c\000d\000\040\000k\000o\000n\000f\000i\000g\000u\000r\000a\000c\000i\000j\000e\000\040\000z\000a\000\040\000a\000p\000l\000i\000k\000a\000c\000i\000j\000u}{section.5}% 21
\BOOKMARK [2][-]{subsection.5.7}{\376\377\000T\000e\000s\000t\000i\000r\000a\000n\000j\000e\000,\000\040\000i\000z\000g\000r\000a\000d\000n\000j\000a\000\040\000i\000\040\000o\000b\000j\000a\000v\000l\000j\000i\000v\000a\000n\000j\000e\000\040\000a\000p\000l\000i\000k\000a\000c\000i\000j\000e\000\040\000p\000u\000t\000e\000m\000\040\000g\000i\000t\000l\000a\000b\000\040\000p\000i\000p\000e\000l\000i\000n\000e\000a}{section.5}% 22
\BOOKMARK [2][-]{subsection.5.8}{\376\377\000A\000u\000t\000o\000m\000a\000t\000s\000k\000o\000\040\000p\000o\000k\000r\000e\000t\000a\000n\000j\000e\000\040\000t\000e\000s\000t\000o\000v\000a\000\040\000i\000\040\000o\000s\000i\000g\000u\000r\000a\000n\000j\000e\000\040\000k\000v\000a\000l\000i\000t\000e\000t\000e\000\040\000k\000o\000d\000a}{section.5}% 23
\BOOKMARK [1][-]{subsection.5.8}{\376\377\000S\000a\001\176\000e\000t\000a\000k}{}% 24
\BOOKMARK [1][-]{subsection.5.8}{\376\377\000A\000b\000s\000t\000r\000a\000c\000t}{}% 25
\BOOKMARK [1][-]{subsection.5.8}{\376\377\001\175\000i\000v\000o\000t\000o\000p\000i\000s}{}% 26
\BOOKMARK [1][-]{subsection.5.8}{\376\377\000P\000r\000i\000l\000o\000g\000\040\0001}{}% 27
